GPU ANGLE (NVIDIA GeForce GTX 1050 Ti Direct3D11 vs_5_0 ps_5_0) (Google Inc.)
OpenGL OpenGL ES 3.0.0 (ANGLE 2.1.0.54a3d7cbcadb)
[Atlas] Texture size is: 4096x4096 (max: 16384x16384)
Found work dir at 'C:/Users/miqob/OneDrive/Área de Trabalho/otclientv8-master/'
== application started at Nov 28 2023 20:19:59
OTCv8 3.2 rev 4 (dev) made by otclient.net built on Feb 26 2023 for arch x86
WARNING: HTTP error for http://otclient.ovh/api/status.php: Invalid url (/api/status.php)
Connecting to: 127.0.0.1:7171
Connecting to: 127.0.0.1:7171
WARNING: HTTP error for http://otclient.ovh/api/status.php: timeout
WARNING: HTTP error for http://otclient.ovh/api/status.php: timeout
WARNING: HTTP error for http://otclient.ovh/api/status.php: timeout
WARNING: HTTP error for http://otclient.ovh/api/status.php: timeout
WARNING: HTTP error for http://otclient.ovh/api/status.php: timeout
WARNING: HTTP error for http://otclient.ovh/api/status.php: timeout
WARNING: HTTP error for http://otclient.ovh/api/status.php: timeout
WARNING: HTTP error for http://otclient.ovh/api/status.php: timeout
WARNING: HTTP error for http://otclient.ovh/api/status.php: timeout
WARNING: HTTP error for http://otclient.ovh/api/status.php: timeout
WARNING: HTTP error for http://otclient.ovh/api/status.php: timeout
WARNING: HTTP error for http://otclient.ovh/api/status.php: timeout
WARNING: HTTP error for http://otclient.ovh/api/status.php: timeout
WARNING: HTTP error for http://otclient.ovh/api/status.php: timeout
WARNING: HTTP error for http://otclient.ovh/api/status.php: timeout
WARNING: HTTP error for http://otclient.ovh/api/status.php: timeout
WARNING: HTTP error for http://otclient.ovh/api/status.php: timeout
WARNING: HTTP error for http://otclient.ovh/api/status.php: timeout
WARNING: HTTP error for http://otclient.ovh/api/status.php: timeout
WARNING: HTTP error for http://otclient.ovh/api/status.php: timeout
WARNING: HTTP error for http://otclient.ovh/api/status.php: timeout
WARNING: HTTP error for http://otclient.ovh/api/status.php: timeout
WARNING: HTTP error for http://otclient.ovh/api/status.php: timeout
WARNING: HTTP error for http://otclient.ovh/api/status.php: timeout
WARNING: HTTP error for http://otclient.ovh/api/status.php: timeout
WARNING: HTTP error for http://otclient.ovh/api/status.php: timeout
WARNING: HTTP error for http://otclient.ovh/api/status.php: timeout
WARNING: HTTP error for http://otclient.ovh/api/status.php: timeout
WARNING: HTTP error for http://otclient.ovh/api/status.php: timeout
WARNING: HTTP error for http://otclient.ovh/api/status.php: timeout
WARNING: HTTP error for http://otclient.ovh/api/status.php: timeout
WARNING: HTTP error for http://otclient.ovh/api/status.php: timeout
WARNING: HTTP error for http://otclient.ovh/api/status.php: Invalid url (/api/status.php)
WARNING: HTTP error for http://otclient.ovh/api/status.php: timeout
WARNING: HTTP error for http://otclient.ovh/api/status.php: timeout
WARNING: HTTP error for http://otclient.ovh/api/status.php: timeout
Connecting to: 127.0.0.1:7171
WARNING: HTTP error for http://otclient.ovh/api/status.php: timeout
Connecting to: 127.0.0.1:7171
Exiting application..
GPU NVIDIA GeForce GTX 1050 Ti/PCIe/SSE2 (NVIDIA Corporation)
OpenGL 4.6.0 NVIDIA 536.23
[Atlas] Texture size is: 4096x4096 (max: 32768x32768)
Found work dir at 'C:/Users/miqob/OneDrive/Área de Trabalho/otclientv8-master/'
== application started at Nov 28 2023 20:26:46
OTCv8 3.2 rev 4 (dev) made by otclient.net built on Feb 26 2023 for arch x86
WARNING: HTTP error for http://otclient.ovh/api/status.php: Invalid url (/api/status.php)
Connecting to: 127.0.0.1:7171
Login to 127.0.0.1:7172
Login to 127.0.0.1:7172
WARNING: HTTP error for http://otclient.ovh/api/status.php: timeout
ERROR: Failed to get sprite id 35672: in file '/data/things/792/Tibia.spr': seek failed
WARNING: HTTP error for http://otclient.ovh/api/status.php: timeout
WARNING: HTTP error for http://otclient.ovh/api/status.php: timeout
WARNING: HTTP error for http://otclient.ovh/api/status.php: timeout
WARNING: HTTP error for http://otclient.ovh/api/status.php: Invalid url (/api/status.php)
WARNING: HTTP error for http://otclient.ovh/api/status.php: timeout
WARNING: HTTP error for http://otclient.ovh/api/status.php: timeout
WARNING: HTTP error for http://otclient.ovh/api/status.php: timeout
WARNING: HTTP error for http://otclient.ovh/api/status.php: timeout
WARNING: HTTP error for http://otclient.ovh/api/status.php: timeout
WARNING: HTTP error for http://otclient.ovh/api/status.php: timeout
WARNING: HTTP error for http://otclient.ovh/api/status.php: timeout
WARNING: HTTP error for http://otclient.ovh/api/status.php: timeout
WARNING: HTTP error for http://otclient.ovh/api/status.php: timeout
WARNING: HTTP error for http://otclient.ovh/api/status.php: timeout
WARNING: HTTP error for http://otclient.ovh/api/status.php: timeout
WARNING: HTTP error for http://otclient.ovh/api/status.php: timeout
WARNING: HTTP error for http://otclient.ovh/api/status.php: timeout
WARNING: HTTP error for http://otclient.ovh/api/status.php: timeout
WARNING: HTTP error for http://otclient.ovh/api/status.php: timeout
WARNING: HTTP error for http://otclient.ovh/api/status.php: timeout
WARNING: HTTP error for http://otclient.ovh/api/status.php: timeout
Login to 127.0.0.1:7172
WARNING: HTTP error for http://otclient.ovh/api/status.php: timeout
WARNING: HTTP error for http://otclient.ovh/api/status.php: timeout
WARNING: HTTP error for http://otclient.ovh/api/status.php: timeout
WARNING: HTTP error for http://otclient.ovh/api/status.php: timeout
WARNING: HTTP error for http://otclient.ovh/api/status.php: timeout
WARNING: HTTP error for http://otclient.ovh/api/status.php: timeout
WARNING: HTTP error for http://otclient.ovh/api/status.php: timeout
WARNING: HTTP error for http://otclient.ovh/api/status.php: timeout
WARNING: HTTP error for http://otclient.ovh/api/status.php: timeout
WARNING: HTTP error for http://otclient.ovh/api/status.php: timeout
WARNING: HTTP error for http://otclient.ovh/api/status.php: timeout
WARNING: HTTP error for http://otclient.ovh/api/status.php: timeout
WARNING: HTTP error for http://otclient.ovh/api/status.php: timeout
Exiting application..
GPU NVIDIA GeForce GTX 1050 Ti/PCIe/SSE2 (NVIDIA Corporation)
OpenGL 4.6.0 NVIDIA 536.23
[Atlas] Texture size is: 4096x4096 (max: 32768x32768)
Found work dir at 'C:/Users/miqob/OneDrive/Área de Trabalho/otclientv8-master/'
== application started at Nov 28 2023 20:57:24
OTCv8 3.2 rev 4 (dev) made by otclient.net built on Feb 26 2023 for arch x86
Connecting to: 127.0.0.1:7171
Login to 127.0.0.1:7172
WARNING: HTTP error for http://otclient.ovh/api/status.php: timeout
Login to 127.0.0.1:7172
WARNING: HTTP error for http://otclient.ovh/api/status.php: timeout
WARNING: HTTP error for http://otclient.ovh/api/status.php: timeout
WARNING: HTTP error for http://otclient.ovh/api/status.php: timeout
WARNING: HTTP error for http://otclient.ovh/api/status.php: timeout
WARNING: HTTP error for http://otclient.ovh/api/status.php: timeout
WARNING: HTTP error for http://otclient.ovh/api/status.php: timeout
WARNING: HTTP error for http://otclient.ovh/api/status.php: timeout
WARNING: HTTP error for http://otclient.ovh/api/status.php: timeout
WARNING: HTTP error for http://otclient.ovh/api/status.php: timeout
WARNING: HTTP error for http://otclient.ovh/api/status.php: timeout
WARNING: HTTP error for http://otclient.ovh/api/status.php: timeout
WARNING: HTTP error for http://otclient.ovh/api/status.php: timeout
WARNING: HTTP error for http://otclient.ovh/api/status.php: timeout
WARNING: HTTP error for http://otclient.ovh/api/status.php: timeout
WARNING: HTTP error for http://otclient.ovh/api/status.php: timeout
WARNING: HTTP error for http://otclient.ovh/api/status.php: timeout
WARNING: HTTP error for http://otclient.ovh/api/status.php: timeout
WARNING: HTTP error for http://otclient.ovh/api/status.php: timeout
WARNING: HTTP error for http://otclient.ovh/api/status.php: timeout
WARNING: HTTP error for http://otclient.ovh/api/status.php: timeout
WARNING: HTTP error for http://otclient.ovh/api/status.php: timeout
WARNING: HTTP error for http://otclient.ovh/api/status.php: timeout
WARNING: HTTP error for http://otclient.ovh/api/status.php: timeout
WARNING: HTTP error for http://otclient.ovh/api/status.php: timeout
WARNING: HTTP error for http://otclient.ovh/api/status.php: timeout
WARNING: HTTP error for http://otclient.ovh/api/status.php: timeout
WARNING: HTTP error for http://otclient.ovh/api/status.php: timeout
WARNING: HTTP error for http://otclient.ovh/api/status.php: timeout
WARNING: HTTP error for http://otclient.ovh/api/status.php: timeout
WARNING: HTTP error for http://otclient.ovh/api/status.php: timeout
WARNING: HTTP error for http://otclient.ovh/api/status.php: timeout
WARNING: HTTP error for http://otclient.ovh/api/status.php: timeout
WARNING: HTTP error for http://otclient.ovh/api/status.php: timeout
WARNING: HTTP error for http://otclient.ovh/api/status.php: timeout
WARNING: HTTP error for http://otclient.ovh/api/status.php: timeout
WARNING: HTTP error for http://otclient.ovh/api/status.php: timeout
WARNING: HTTP error for http://otclient.ovh/api/status.php: timeout
WARNING: HTTP error for http://otclient.ovh/api/status.php: timeout
WARNING: HTTP error for http://otclient.ovh/api/status.php: timeout
WARNING: HTTP error for http://otclient.ovh/api/status.php: timeout
WARNING: HTTP error for http://otclient.ovh/api/status.php: timeout
WARNING: HTTP error for http://otclient.ovh/api/status.php: timeout
WARNING: HTTP error for http://otclient.ovh/api/status.php: timeout
WARNING: HTTP error for http://otclient.ovh/api/status.php: timeout
WARNING: HTTP error for http://otclient.ovh/api/status.php: timeout
WARNING: HTTP error for http://otclient.ovh/api/status.php: timeout
WARNING: HTTP error for http://otclient.ovh/api/status.php: timeout
WARNING: HTTP error for http://otclient.ovh/api/status.php: timeout
WARNING: HTTP error for http://otclient.ovh/api/status.php: timeout
WARNING: HTTP error for http://otclient.ovh/api/status.php: timeout
WARNING: HTTP error for http://otclient.ovh/api/status.php: timeout
WARNING: HTTP error for http://otclient.ovh/api/status.php: timeout
WARNING: HTTP error for http://otclient.ovh/api/status.php: timeout
WARNING: HTTP error for http://otclient.ovh/api/status.php: timeout
WARNING: HTTP error for http://otclient.ovh/api/status.php: timeout
WARNING: HTTP error for http://otclient.ovh/api/status.php: timeout
WARNING: HTTP error for http://otclient.ovh/api/status.php: timeout
WARNING: HTTP error for http://otclient.ovh/api/status.php: timeout
WARNING: HTTP error for http://otclient.ovh/api/status.php: timeout
WARNING: HTTP error for http://otclient.ovh/api/status.php: timeout
WARNING: HTTP error for http://otclient.ovh/api/status.php: timeout
WARNING: HTTP error for http://otclient.ovh/api/status.php: timeout
WARNING: HTTP error for http://otclient.ovh/api/status.php: timeout
WARNING: HTTP error for http://otclient.ovh/api/status.php: timeout
WARNING: HTTP error for http://otclient.ovh/api/status.php: timeout
WARNING: HTTP error for http://otclient.ovh/api/status.php: timeout
WARNING: HTTP error for http://otclient.ovh/api/status.php: timeout
WARNING: HTTP error for http://otclient.ovh/api/status.php: timeout
WARNING: HTTP error for http://otclient.ovh/api/status.php: timeout
WARNING: HTTP error for http://otclient.ovh/api/status.php: timeout
WARNING: HTTP error for http://otclient.ovh/api/status.php: timeout
WARNING: HTTP error for http://otclient.ovh/api/status.php: timeout
WARNING: HTTP error for http://otclient.ovh/api/status.php: timeout
WARNING: HTTP error for http://otclient.ovh/api/status.php: timeout
WARNING: HTTP error for http://otclient.ovh/api/status.php: timeout
WARNING: HTTP error for http://otclient.ovh/api/status.php: timeout
WARNING: HTTP error for http://otclient.ovh/api/status.php: timeout
WARNING: HTTP error for http://otclient.ovh/api/status.php: timeout
WARNING: HTTP error for http://otclient.ovh/api/status.php: timeout
Connecting to: 127.0.0.1:7171
WARNING: HTTP error for http://otclient.ovh/api/status.php: timeout
WARNING: HTTP error for http://otclient.ovh/api/status.php: timeout
WARNING: HTTP error for http://otclient.ovh/api/status.php: timeout
Connecting to: 127.0.0.1:7171
Login to 127.0.0.1:7172
WARNING: HTTP error for http://otclient.ovh/api/status.php: timeout
Login to 127.0.0.1:7172
WARNING: HTTP error for http://otclient.ovh/api/status.php: timeout
Login to 127.0.0.1:7172
WARNING: HTTP error for http://otclient.ovh/api/status.php: timeout
WARNING: HTTP error for http://otclient.ovh/api/status.php: timeout
WARNING: HTTP error for http://otclient.ovh/api/status.php: Invalid url (/api/status.php)
WARNING: HTTP error for http://otclient.ovh/api/status.php: timeout
WARNING: HTTP error for http://otclient.ovh/api/status.php: timeout
WARNING: HTTP error for http://otclient.ovh/api/status.php: timeout
WARNING: HTTP error for http://otclient.ovh/api/status.php: timeout
WARNING: HTTP error for http://otclient.ovh/api/status.php: timeout
WARNING: HTTP error for http://otclient.ovh/api/status.php: timeout
WARNING: HTTP error for http://otclient.ovh/api/status.php: timeout
WARNING: HTTP error for http://otclient.ovh/api/status.php: timeout
WARNING: HTTP error for http://otclient.ovh/api/status.php: timeout
WARNING: HTTP error for http://otclient.ovh/api/status.php: timeout
WARNING: HTTP error for http://otclient.ovh/api/status.php: timeout
Login to 127.0.0.1:7172
Login to 127.0.0.1:7172
WARNING: HTTP error for http://otclient.ovh/api/status.php: timeout
WARNING: HTTP error for http://otclient.ovh/api/status.php: timeout
WARNING: HTTP error for http://otclient.ovh/api/status.php: timeout
WARNING: HTTP error for http://otclient.ovh/api/status.php: timeout
WARNING: HTTP error for http://otclient.ovh/api/status.php: timeout
WARNING: HTTP error for http://otclient.ovh/api/status.php: timeout
WARNING: HTTP error for http://otclient.ovh/api/status.php: timeout
WARNING: HTTP error for http://otclient.ovh/api/status.php: timeout
WARNING: HTTP error for http://otclient.ovh/api/status.php: timeout
WARNING: HTTP error for http://otclient.ovh/api/status.php: timeout
WARNING: HTTP error for http://otclient.ovh/api/status.php: timeout
WARNING: HTTP error for http://otclient.ovh/api/status.php: timeout
WARNING: HTTP error for http://otclient.ovh/api/status.php: timeout
WARNING: HTTP error for http://otclient.ovh/api/status.php: timeout
WARNING: HTTP error for http://otclient.ovh/api/status.php: timeout
WARNING: HTTP error for http://otclient.ovh/api/status.php: timeout
WARNING: HTTP error for http://otclient.ovh/api/status.php: timeout
WARNING: HTTP error for http://otclient.ovh/api/status.php: timeout
WARNING: HTTP error for http://otclient.ovh/api/status.php: timeout
WARNING: HTTP error for http://otclient.ovh/api/status.php: timeout
WARNING: HTTP error for http://otclient.ovh/api/status.php: timeout
WARNING: HTTP error for http://otclient.ovh/api/status.php: timeout
WARNING: HTTP error for http://otclient.ovh/api/status.php: timeout
WARNING: HTTP error for http://otclient.ovh/api/status.php: timeout
WARNING: HTTP error for http://otclient.ovh/api/status.php: timeout
WARNING: HTTP error for http://otclient.ovh/api/status.php: timeout
WARNING: HTTP error for http://otclient.ovh/api/status.php: timeout
WARNING: HTTP error for http://otclient.ovh/api/status.php: timeout
WARNING: HTTP error for http://otclient.ovh/api/status.php: timeout
WARNING: HTTP error for http://otclient.ovh/api/status.php: timeout
WARNING: HTTP error for http://otclient.ovh/api/status.php: timeout
WARNING: HTTP error for http://otclient.ovh/api/status.php: timeout
WARNING: HTTP error for http://otclient.ovh/api/status.php: timeout
WARNING: HTTP error for http://otclient.ovh/api/status.php: timeout
WARNING: HTTP error for http://otclient.ovh/api/status.php: timeout
WARNING: HTTP error for http://otclient.ovh/api/status.php: timeout
WARNING: HTTP error for http://otclient.ovh/api/status.php: timeout
WARNING: HTTP error for http://otclient.ovh/api/status.php: timeout
WARNING: HTTP error for http://otclient.ovh/api/status.php: timeout
WARNING: HTTP error for http://otclient.ovh/api/status.php: timeout
Login to 127.0.0.1:7172
WARNING: HTTP error for http://otclient.ovh/api/status.php: timeout
Login to 127.0.0.1:7172
WARNING: HTTP error for http://otclient.ovh/api/status.php: timeout
WARNING: HTTP error for http://otclient.ovh/api/status.php: timeout
WARNING: HTTP error for http://otclient.ovh/api/status.php: timeout
WARNING: HTTP error for http://otclient.ovh/api/status.php: timeout
WARNING: HTTP error for http://otclient.ovh/api/status.php: timeout
WARNING: HTTP error for http://otclient.ovh/api/status.php: timeout
WARNING: HTTP error for http://otclient.ovh/api/status.php: timeout
WARNING: HTTP error for http://otclient.ovh/api/status.php: timeout
WARNING: HTTP error for http://otclient.ovh/api/status.php: timeout
WARNING: HTTP error for http://otclient.ovh/api/status.php: Invalid url (/api/status.php)
WARNING: HTTP error for http://otclient.ovh/api/status.php: timeout
WARNING: HTTP error for http://otclient.ovh/api/status.php: timeout
Login to 127.0.0.1:7172
Login to 127.0.0.1:7172
WARNING: HTTP error for http://otclient.ovh/api/status.php: timeout
WARNING: HTTP error for http://otclient.ovh/api/status.php: timeout
WARNING: HTTP error for http://otclient.ovh/api/status.php: timeout
WARNING: HTTP error for http://otclient.ovh/api/status.php: timeout
WARNING: HTTP error for http://otclient.ovh/api/status.php: timeout
WARNING: HTTP error for http://otclient.ovh/api/status.php: Invalid url (/api/status.php)
WARNING: HTTP error for http://otclient.ovh/api/status.php: timeout
WARNING: HTTP error for http://otclient.ovh/api/status.php: timeout
WARNING: HTTP error for http://otclient.ovh/api/status.php: timeout
Login to 127.0.0.1:7172
Login to 127.0.0.1:7172
WARNING: HTTP error for http://otclient.ovh/api/status.php: timeout
WARNING: HTTP error for http://otclient.ovh/api/status.php: timeout
WARNING: HTTP error for http://otclient.ovh/api/status.php: timeout
WARNING: HTTP error for http://otclient.ovh/api/status.php: timeout
WARNING: HTTP error for http://otclient.ovh/api/status.php: timeout
WARNING: HTTP error for http://otclient.ovh/api/status.php: timeout
WARNING: HTTP error for http://otclient.ovh/api/status.php: timeout
WARNING: HTTP error for http://otclient.ovh/api/status.php: timeout
Login to 127.0.0.1:7172
Login to 127.0.0.1:7172
WARNING: HTTP error for http://otclient.ovh/api/status.php: timeout
WARNING: HTTP error for http://otclient.ovh/api/status.php: timeout
WARNING: HTTP error for http://otclient.ovh/api/status.php: timeout
WARNING: HTTP error for http://otclient.ovh/api/status.php: timeout
WARNING: HTTP error for http://otclient.ovh/api/status.php: timeout
WARNING: HTTP error for http://otclient.ovh/api/status.php: Invalid url (/api/status.php)
WARNING: HTTP error for http://otclient.ovh/api/status.php: timeout
WARNING: HTTP error for http://otclient.ovh/api/status.php: timeout
Login to 127.0.0.1:7172
Login to 127.0.0.1:7172
WARNING: HTTP error for http://otclient.ovh/api/status.php: timeout
WARNING: HTTP error for http://otclient.ovh/api/status.php: timeout
WARNING: HTTP error for http://otclient.ovh/api/status.php: timeout
WARNING: HTTP error for http://otclient.ovh/api/status.php: timeout
WARNING: HTTP error for http://otclient.ovh/api/status.php: timeout
WARNING: HTTP error for http://otclient.ovh/api/status.php: timeout
WARNING: HTTP error for http://otclient.ovh/api/status.php: timeout
WARNING: HTTP error for http://otclient.ovh/api/status.php: timeout
WARNING: HTTP error for http://otclient.ovh/api/status.php: timeout
Login to 127.0.0.1:7172
Login to 127.0.0.1:7172
WARNING: HTTP error for http://otclient.ovh/api/status.php: timeout
WARNING: HTTP error for http://otclient.ovh/api/status.php: timeout
WARNING: HTTP error for http://otclient.ovh/api/status.php: timeout
WARNING: HTTP error for http://otclient.ovh/api/status.php: timeout
Connecting to: 127.0.0.1:7171
Login to 127.0.0.1:7172
WARNING: HTTP error for http://otclient.ovh/api/status.php: timeout
Login to 127.0.0.1:7172
WARNING: HTTP error for http://otclient.ovh/api/status.php: timeout
Login to 127.0.0.1:7172
WARNING: HTTP error for http://otclient.ovh/api/status.php: timeout
ERROR: protected lua call failed: /modules/game_outfit/outfit.lua:847: attempt to compare number with nil
stack traceback:
	[C]: in function '__lt'
	/modules/game_outfit/outfit.lua:847: in function </modules/game_outfit/outfit.lua:556>
Login to 127.0.0.1:7172
WARNING: HTTP error for http://otclient.ovh/api/status.php: timeout
Login to 127.0.0.1:7172
WARNING: HTTP error for http://otclient.ovh/api/status.php: timeout
WARNING: HTTP error for http://otclient.ovh/api/status.php: Invalid url (/api/status.php)
Connecting to: 127.0.0.1:7171
Connecting to: 127.0.0.1:7171
Login to 127.0.0.1:7172
WARNING: HTTP error for http://otclient.ovh/api/status.php: timeout
Login to 127.0.0.1:7172
WARNING: HTTP error for http://otclient.ovh/api/status.php: timeout
WARNING: HTTP error for http://otclient.ovh/api/status.php: timeout
Connecting to: 127.0.0.1:7171
Login to 127.0.0.1:7172
WARNING: HTTP error for http://otclient.ovh/api/status.php: timeout
WARNING: HTTP error for http://otclient.ovh/api/status.php: timeout
WARNING: HTTP error for http://otclient.ovh/api/status.php: timeout
WARNING: HTTP error for http://otclient.ovh/api/status.php: timeout
WARNING: HTTP error for http://otclient.ovh/api/status.php: timeout
Login to 127.0.0.1:7172
WARNING: HTTP error for http://otclient.ovh/api/status.php: timeout
WARNING: HTTP error for http://otclient.ovh/api/status.php: timeout
WARNING: HTTP error for http://otclient.ovh/api/status.php: timeout
Login to 127.0.0.1:7172
WARNING: HTTP error for http://otclient.ovh/api/status.php: timeout
Login to 127.0.0.1:7172
WARNING: HTTP error for http://otclient.ovh/api/status.php: timeout
WARNING: HTTP error for http://otclient.ovh/api/status.php: Invalid url (/api/status.php)
Login to 127.0.0.1:7172
WARNING: HTTP error for http://otclient.ovh/api/status.php: timeout
Login to 127.0.0.1:7172
WARNING: HTTP error for http://otclient.ovh/api/status.php: timeout
WARNING: HTTP error for http://otclient.ovh/api/status.php: timeout
Login to 127.0.0.1:7172
Exiting application..
GPU NVIDIA GeForce GTX 1050 Ti/PCIe/SSE2 (NVIDIA Corporation)
OpenGL 4.6.0 NVIDIA 536.23
[Atlas] Texture size is: 4096x4096 (max: 32768x32768)
Found work dir at 'C:/Users/miqob/OneDrive/Área de Trabalho/otclientv8-master/'
== application started at Nov 29 2023 00:19:52
OTCv8 3.2 rev 4 (dev) made by otclient.net built on Feb 26 2023 for arch x86
Connecting to: 127.0.0.1:7171
Login to 127.0.0.1:7172
WARNING: HTTP error for http://otclient.ovh/api/status.php: timeout
ERROR: Failed to get sprite id 35672: in file '/data/things/792/Tibia.spr': seek failed
Connecting to: 127.0.0.1:7171
Login to 127.0.0.1:7172
WARNING: HTTP error for http://otclient.ovh/api/status.php: timeout
WARNING: HTTP error for http://otclient.ovh/api/status.php: timeout
Exiting application..
GPU NVIDIA GeForce GTX 1050 Ti/PCIe/SSE2 (NVIDIA Corporation)
OpenGL 4.6.0 NVIDIA 536.23
[Atlas] Texture size is: 4096x4096 (max: 32768x32768)
Found work dir at 'C:/Users/miqob/OneDrive/Área de Trabalho/otclientv8-master/'
== application started at Nov 29 2023 19:43:07
OTCv8 3.2 rev 4 (dev) made by otclient.net built on Feb 26 2023 for arch x86
WARNING: HTTP error for http://otclient.ovh/api/status.php: timeout
Connecting to: 127.0.0.1:7171
Connecting to: 127.0.0.1:7171
Login to 127.0.0.1:7172
WARNING: HTTP error for http://otclient.ovh/api/status.php: timeout
Connecting to: 127.0.0.1:7171
Login to 127.0.0.1:7172
WARNING: HTTP error for http://otclient.ovh/api/status.php: timeout
WARNING: HTTP error for http://otclient.ovh/api/status.php: timeout
WARNING: HTTP error for http://otclient.ovh/api/status.php: timeout
Connecting to: 127.0.0.1:7171
Login to 127.0.0.1:7172
Connecting to: 127.0.0.1:7171
Login to 127.0.0.1:7172
WARNING: HTTP error for http://otclient.ovh/api/status.php: timeout
WARNING: HTTP error for http://otclient.ovh/api/status.php: timeout
Login to 127.0.0.1:7172
Exiting application..
